<?xml version="1.0" encoding="UTF-8"?>
<!-- Generated by org.testng.reporters.JUnitReportReporter -->
<testsuite hostname="LTIN251846" failures="0" tests="4" name="JustDialPages.Main" time="38.252" errors="0" timestamp="04 Jan 2022 08:18:58 GMT" skipped="0">
  <testcase classname="JustDialPages.Main" name="searchTextBoxAndRemoveAd" time="16.641"/>
  <testcase classname="JustDialPages.Main" name="CarServiceInfoSearching" time="6.501"/>
  <testcase classname="JustDialPages.Main" name="ListingPage" time="4.463"/>
  <testcase classname="JustDialPages.Main" name="FitnessPage" time="10.647"/>
</testsuite> <!-- JustDialPages.Main -->
